<?xml version="1.0" encoding="UTF-8"?>
<!-- Generated by org.testng.reporters.JUnitXMLReporter -->
<testsuite ignored="0" hostname="Sunil-PC" failures="0" tests="6" name="Default test" time="9.049" errors="0" timestamp="2024-09-29T07:23:59 BST">
  <testcase classname="api.TestCases.DataDrivenTests" name="testPostUser" time="3.733"/>
  <testcase classname="api.TestCases.DataDrivenTests" name="testPostUser" time="0.437"/>
  <testcase classname="api.TestCases.DataDrivenTests" name="testPostUser" time="0.459"/>
  <testcase classname="api.TestCases.DataDrivenTests" name="testDeleteUserByName" time="0.481"/>
  <testcase classname="api.TestCases.DataDrivenTests" name="testDeleteUserByName" time="0.445"/>
  <testcase classname="api.TestCases.DataDrivenTests" name="testDeleteUserByName" time="0.449"/>
</testsuite> <!-- Default test -->
