<?xml version="1.0" encoding="UTF-8"?>
<testsuite xmlns:xsi="http://www.w3.org/2001/XMLSchema-instance" xsi:noNamespaceSchemaLocation="https://maven.apache.org/surefire/maven-surefire-plugin/xsd/surefire-test-report-3.0.xsd" version="3.0" name="TestSuite" time="15.333" tests="10" errors="0" skipped="0" failures="0">
  <properties>
[...]
</properties>
  <testcase name="testPostUser" classname="api.TestCases.UserTests2" time="4.679">
    <system-out><![CDATA[2024-09-30 13:09:06,652 main ERROR appender File has no parameter that matches element Policies
2024-09-30 13:09:07.041 [main] INFO 
			api.TestCases.UserTests2 - ***********************Create a User***********************
HTTP/1.1 200 OK
Date: Mon, 30 Sep 2024 12:09:11 GMT
Content-Type: application/json
Transfer-Encoding: chunked
Connection: keep-alive
Access-Control-Allow-Origin: *
Access-Control-Allow-Methods: GET, POST, DELETE, PUT
Access-Control-Allow-Headers: Content-Type, api_key, Authorization
Server: Jetty(9.2.9.v20150224)

{
    "code": 200,
    "type": "unknown",
    "message": "313082880"
}
2024-09-30 13:09:11.677 [main] INFO 
			api.TestCases.UserTests2 - ***********************User is Created***********************
]]></system-out>
    <system-err><![CDATA[SLF4J: Failed to load class "org.slf4j.impl.StaticLoggerBinder".
SLF4J: Defaulting to no-operation (NOP) logger implementation
SLF4J: See http://www.slf4j.org/codes.html#StaticLoggerBinder for further details.
]]></system-err>
  </testcase>
  <testcase name="testGetUserByName" classname="api.TestCases.UserTests2" time="0.53">
    <system-out><![CDATA[2024-09-30 13:09:11.690 [main] INFO 
			api.TestCases.UserTests2 - ***********************Read a User***********************
HTTP/1.1 200 OK
Date: Mon, 30 Sep 2024 12:09:11 GMT
Content-Type: application/json
Transfer-Encoding: chunked
Connection: keep-alive
Access-Control-Allow-Origin: *
Access-Control-Allow-Methods: GET, POST, DELETE, PUT
Access-Control-Allow-Headers: Content-Type, api_key, Authorization
Server: Jetty(9.2.9.v20150224)

{
    "id": 313082880,
    "username": "Donny Schultz",
    "firstName": "Lady",
    "lastName": "Hirthe",
    "email": "dyan.connelly@yahoo.com",
    "password": "cjp3exs7r",
    "phone": "(656) 714-8309",
    "userStatus": 0
}
2024-09-30 13:09:12.192 [main] INFO 
			api.TestCases.UserTests2 - ***********************Displayed the user***********************
]]></system-out>
  </testcase>
  <testcase name="testUpdateUserByName" classname="api.TestCases.UserTests2" time="0.921">
    <system-out><![CDATA[2024-09-30 13:09:12.206 [main] INFO 
			api.TestCases.UserTests2 - ***********************Update a User***********************
{
    "code": 200,
    "type": "unknown",
    "message": "313082880"
}
{
    "id": 313082880,
    "username": "Donny Schultz",
    "firstName": "Tracey",
    "lastName": "Swift",
    "email": "carol.wyman@example.com",
    "password": "cjp3exs7r",
    "phone": "(656) 714-8309",
    "userStatus": 0
}
2024-09-30 13:09:13.125 [main] INFO 
			api.TestCases.UserTests2 - ***********************User is updated***********************
]]></system-out>
  </testcase>
  <testcase name="testdeleteUserByName" classname="api.TestCases.UserTests2" time="0.456">
    <system-out><![CDATA[2024-09-30 13:09:13.132 [main] INFO 
			api.TestCases.UserTests2 - ***********************Delete a User***********************
HTTP/1.1 200 OK
Date: Mon, 30 Sep 2024 12:09:13 GMT
Content-Type: application/json
Transfer-Encoding: chunked
Connection: keep-alive
Access-Control-Allow-Origin: *
Access-Control-Allow-Methods: GET, POST, DELETE, PUT
Access-Control-Allow-Headers: Content-Type, api_key, Authorization
Server: Jetty(9.2.9.v20150224)

{
    "code": 200,
    "type": "unknown",
    "message": "Donny Schultz"
}
2024-09-30 13:09:13.573 [main] INFO 
			api.TestCases.UserTests2 - ***********************User is Deleted***********************
]]></system-out>
  </testcase>
  <testcase name="testPostUser[0, rambo1233fadd, alpha, Doe, jdoe@example.com, pass123, 123-456-7890](1)" classname="api.TestCases.DataDrivenTests" time="0.486">
    <system-out><![CDATA[HTTP/1.1 200 OK
Date: Mon, 30 Sep 2024 12:09:15 GMT
Content-Type: application/json
Transfer-Encoding: chunked
Connection: keep-alive
Access-Control-Allow-Origin: *
Access-Control-Allow-Methods: GET, POST, DELETE, PUT
Access-Control-Allow-Headers: Content-Type, api_key, Authorization
Server: Jetty(9.2.9.v20150224)

{
    "code": 200,
    "type": "unknown",
    "message": "9223372036854764216"
}
]]></system-out>
  </testcase>
  <testcase name="testPostUser[0, rambo23awerasdfasd, romeo, Smith, asmith@example.com, alicepass, 987-654-3210](2)" classname="api.TestCases.DataDrivenTests" time="0.452">
    <system-out><![CDATA[HTTP/1.1 200 OK
Date: Mon, 30 Sep 2024 12:09:16 GMT
Content-Type: application/json
Transfer-Encoding: chunked
Connection: keep-alive
Access-Control-Allow-Origin: *
Access-Control-Allow-Methods: GET, POST, DELETE, PUT
Access-Control-Allow-Headers: Content-Type, api_key, Authorization
Server: Jetty(9.2.9.v20150224)

{
    "code": 200,
    "type": "unknown",
    "message": "9223372036854764217"
}
]]></system-out>
  </testcase>
  <testcase name="testPostUser[0, rambo34ewrwfasdas, juliet, Jones, mjones@example.com, mikepass, 555-123-4567](3)" classname="api.TestCases.DataDrivenTests" time="0.469">
    <system-out><![CDATA[HTTP/1.1 200 OK
Date: Mon, 30 Sep 2024 12:09:16 GMT
Content-Type: application/json
Transfer-Encoding: chunked
Connection: keep-alive
Access-Control-Allow-Origin: *
Access-Control-Allow-Methods: GET, POST, DELETE, PUT
Access-Control-Allow-Headers: Content-Type, api_key, Authorization
Server: Jetty(9.2.9.v20150224)

{
    "code": 200,
    "type": "unknown",
    "message": "9223372036854764218"
}
]]></system-out>
  </testcase>
  <testcase name="testDeleteUserByName[rambo1233fadd](1)" classname="api.TestCases.DataDrivenTests" time="0.449">
    <system-out><![CDATA[Attempting to delete user: rambo1233fadd
]]></system-out>
  </testcase>
  <testcase name="testDeleteUserByName[rambo23awerasdfasd](2)" classname="api.TestCases.DataDrivenTests" time="0.429">
    <system-out><![CDATA[Attempting to delete user: rambo23awerasdfasd
]]></system-out>
  </testcase>
  <testcase name="testDeleteUserByName[rambo34ewrwfasdas](3)" classname="api.TestCases.DataDrivenTests" time="0.436">
    <system-out><![CDATA[Attempting to delete user: rambo34ewrwfasdas
]]></system-out>
  </testcase>
</testsuite>