<?xml version="1.0" encoding="UTF-8"?>
<!-- Generated by org.testng.reporters.JUnitXMLReporter -->
<testsuite ignored="0" hostname="Sunil-PC" failures="0" tests="10" name="PetTests" time="13.543" errors="0" timestamp="2024-09-30T13:09:19 BST">
  <testcase classname="api.TestCases.UserTests2" name="testPostUser" time="4.658"/>
  <testcase classname="api.TestCases.UserTests2" name="testGetUserByName" time="0.505"/>
  <testcase classname="api.TestCases.UserTests2" name="testUpdateUserByName" time="0.927"/>
  <testcase classname="api.TestCases.UserTests2" name="testdeleteUserByName" time="0.444"/>
  <testcase classname="api.TestCases.DataDrivenTests" name="testPostUser" time="0.457"/>
  <testcase classname="api.TestCases.DataDrivenTests" name="testPostUser" time="0.452"/>
  <testcase classname="api.TestCases.DataDrivenTests" name="testPostUser" time="0.453"/>
  <testcase classname="api.TestCases.DataDrivenTests" name="testDeleteUserByName" time="0.449"/>
  <testcase classname="api.TestCases.DataDrivenTests" name="testDeleteUserByName" time="0.427"/>
  <testcase classname="api.TestCases.DataDrivenTests" name="testDeleteUserByName" time="0.434"/>
</testsuite> <!-- PetTests -->
