<?xml version="1.0" encoding="UTF-8"?>
<!-- Generated by org.testng.reporters.JUnitXMLReporter -->
<testsuite ignored="0" hostname="Sunil-PC" failures="0" tests="10" name="PetTests" time="13.811" errors="0" timestamp="2024-09-29T17:32:58 BST">
  <testcase classname="api.TestCases.UserTests2" name="testPostUser" time="4.297"/>
  <testcase classname="api.TestCases.UserTests2" name="testGetUserByName" time="0.514"/>
  <testcase classname="api.TestCases.UserTests2" name="testUpdateUserByName" time="1.018"/>
  <testcase classname="api.TestCases.UserTests2" name="testdeleteUserByName" time="0.469"/>
  <testcase classname="api.TestCases.DataDrivenTests" name="testPostUser" time="0.463"/>
  <testcase classname="api.TestCases.DataDrivenTests" name="testPostUser" time="0.479"/>
  <testcase classname="api.TestCases.DataDrivenTests" name="testPostUser" time="0.49"/>
  <testcase classname="api.TestCases.DataDrivenTests" name="testDeleteUserByName" time="0.455"/>
  <testcase classname="api.TestCases.DataDrivenTests" name="testDeleteUserByName" time="0.475"/>
  <testcase classname="api.TestCases.DataDrivenTests" name="testDeleteUserByName" time="0.469"/>
</testsuite> <!-- PetTests -->
